
3월 24, 2020 21:05:13.10 NEW SESSION
3월 24, 2020 21:05:13.10 
3월 24, 2020 21:05:13.11 KLIB_SelfTest return : KLR_OK

3월 25, 2020 17:03:16.13 NEW SESSION
3월 25, 2020 17:03:16.14 
3월 25, 2020 17:03:16.15 KLIB_SelfTest return : KLR_OK
3월 25, 2020 21:43:58.78 
3월 25, 2020 21:43:58.79 KLIB_SelfTest return : KLR_OK
3월 25, 2020 21:44:35.47 
3월 25, 2020 21:44:35.47 KLIB_SelfTest return : KLR_OK
3월 25, 2020 22:08:44.38 
3월 25, 2020 22:08:44.38 KLIB_SelfTest return : KLR_OK

3월 25, 2020 22:10:45.71 NEW SESSION
3월 25, 2020 22:10:45.71 
3월 25, 2020 22:10:45.72 KLIB_SelfTest return : KLR_OK

3월 26, 2020 10:24:13.72 NEW SESSION
3월 26, 2020 10:24:13.72 
3월 26, 2020 10:24:13.73 KLIB_SelfTest return : KLR_OK
3월 26, 2020 17:45:52.06 
3월 26, 2020 17:45:52.07 KLIB_SelfTest return : KLR_OK
3월 26, 2020 17:55:10.35 
3월 26, 2020 17:55:10.36 KLIB_SelfTest return : KLR_OK
3월 26, 2020 18:00:38.44 
3월 26, 2020 18:00:38.45 KLIB_SelfTest return : KLR_OK
3월 26, 2020 18:24:18.56 
3월 26, 2020 18:24:18.57 KLIB_SelfTest return : KLR_OK

3월 26, 2020 19:32:43.00 NEW SESSION
3월 26, 2020 19:32:43.00 
3월 26, 2020 19:32:43.01 KLIB_SelfTest return : KLR_OK

3월 27, 2020 09:33:00.03 NEW SESSION
3월 27, 2020 09:33:00.03 
3월 27, 2020 09:33:00.05 KLIB_SelfTest return : KLR_OK
3월 27, 2020 12:18:38.51 
3월 27, 2020 12:18:38.52 KLIB_SelfTest return : KLR_OK

4월 01, 2020 08:38:54.15 NEW SESSION
4월 01, 2020 08:38:54.15 [9500:1160:0401/083854.154:ERROR:cache_util_win.cc(21)] Unable to move the cache: 액세스가 거부되었습니다. (0x5)
4월 01, 2020 08:38:54.18 [9500:1160:0401/083854.154:ERROR:cache_util.cc(135)] Unable to move cache folder C:\Users\SIST\AppData\Local\Google\Chrome\User Data\ShaderCache\GPUCache to C:\Users\SIST\AppData\Local\Google\Chrome\User Data\ShaderCache\old_GPUCache_000
4월 01, 2020 08:38:54.24 [9500:1160:0401/083854.154:ERROR:disk_cache.cc(184)] Unable to create cache
4월 01, 2020 08:38:54.24 [9500:1160:0401/083854.154:ERROR:shader_disk_cache.cc(606)] Shader Cache Creation failed: -2
4월 01, 2020 08:38:56.23 기존 브라우저 세션에서 여는 중입니다.

4월 02, 2020 24:19:52.31 NEW SESSION
4월 02, 2020 24:19:52.31 
4월 02, 2020 24:19:52.33 KLIB_SelfTest return : KLR_OK
