19-Mar-2020 10:10:12.927 경고 [main] org.apache.catalina.startup.SetAllPropertiesRule.begin [SetAllPropertiesRule]{Server/Service/Connector} Setting property 'URLEncording' to 'UTF-8' did not find a matching property.
19-Mar-2020 10:10:12.952 정보 [main] org.apache.catalina.startup.VersionLoggerListener.log 서버 버전 이름:        Apache Tomcat/9.0.33
19-Mar-2020 10:10:12.953 정보 [main] org.apache.catalina.startup.VersionLoggerListener.log Server 빌드 시각:          Mar 11 2020 09:31:38 UTC
19-Mar-2020 10:10:12.953 정보 [main] org.apache.catalina.startup.VersionLoggerListener.log Server 버전 번호:         9.0.33.0
19-Mar-2020 10:10:12.953 정보 [main] org.apache.catalina.startup.VersionLoggerListener.log 운영체제 이름:               Windows 10
19-Mar-2020 10:10:12.953 정보 [main] org.apache.catalina.startup.VersionLoggerListener.log 운영체제 버전:            10.0
19-Mar-2020 10:10:12.953 정보 [main] org.apache.catalina.startup.VersionLoggerListener.log 아키텍처:          amd64
19-Mar-2020 10:10:12.954 정보 [main] org.apache.catalina.startup.VersionLoggerListener.log 자바 홈:             C:\Program Files\Java\jre1.8.0_241
19-Mar-2020 10:10:12.954 정보 [main] org.apache.catalina.startup.VersionLoggerListener.log JVM 버전:           1.8.0_241-b07
19-Mar-2020 10:10:12.954 정보 [main] org.apache.catalina.startup.VersionLoggerListener.log JVM 벤더:            Oracle Corporation
19-Mar-2020 10:10:12.954 정보 [main] org.apache.catalina.startup.VersionLoggerListener.log CATALINA_BASE:         C:\java\apache-tomcat-9.0.33-windows-x64\apache-tomcat-9.0.33
19-Mar-2020 10:10:12.954 정보 [main] org.apache.catalina.startup.VersionLoggerListener.log CATALINA_HOME:         C:\java\apache-tomcat-9.0.33-windows-x64\apache-tomcat-9.0.33
19-Mar-2020 10:10:12.955 정보 [main] org.apache.catalina.startup.VersionLoggerListener.log 명령 행 아규먼트: -Djava.util.logging.config.file=C:\java\apache-tomcat-9.0.33-windows-x64\apache-tomcat-9.0.33\conf\logging.properties
19-Mar-2020 10:10:12.956 정보 [main] org.apache.catalina.startup.VersionLoggerListener.log 명령 행 아규먼트: -Djava.util.logging.manager=org.apache.juli.ClassLoaderLogManager
19-Mar-2020 10:10:12.956 정보 [main] org.apache.catalina.startup.VersionLoggerListener.log 명령 행 아규먼트: -Djdk.tls.ephemeralDHKeySize=2048
19-Mar-2020 10:10:12.957 정보 [main] org.apache.catalina.startup.VersionLoggerListener.log 명령 행 아규먼트: -Djava.protocol.handler.pkgs=org.apache.catalina.webresources
19-Mar-2020 10:10:12.959 정보 [main] org.apache.catalina.startup.VersionLoggerListener.log 명령 행 아규먼트: -Dignore.endorsed.dirs=
19-Mar-2020 10:10:12.959 정보 [main] org.apache.catalina.startup.VersionLoggerListener.log 명령 행 아규먼트: -Dcatalina.base=C:\java\apache-tomcat-9.0.33-windows-x64\apache-tomcat-9.0.33
19-Mar-2020 10:10:12.960 정보 [main] org.apache.catalina.startup.VersionLoggerListener.log 명령 행 아규먼트: -Dcatalina.home=C:\java\apache-tomcat-9.0.33-windows-x64\apache-tomcat-9.0.33
19-Mar-2020 10:10:12.964 정보 [main] org.apache.catalina.startup.VersionLoggerListener.log 명령 행 아규먼트: -Djava.io.tmpdir=C:\java\apache-tomcat-9.0.33-windows-x64\apache-tomcat-9.0.33\temp
19-Mar-2020 10:10:12.964 정보 [main] org.apache.catalina.core.AprLifecycleListener.lifecycleEvent APR 버전 [1.7.0]을(를) 사용한, APR 기반 Apache Tomcat Native 라이브러리 [1.2.23]을(를) 로드했습니다.
19-Mar-2020 10:10:12.965 정보 [main] org.apache.catalina.core.AprLifecycleListener.lifecycleEvent APR 용량정보들: IPv6 [true], sendfile [true], accept filters [false], random [true].
19-Mar-2020 10:10:12.966 정보 [main] org.apache.catalina.core.AprLifecycleListener.lifecycleEvent APR/OpenSSL 설정: useAprConnector [false], useOpenSSL [true]
19-Mar-2020 10:10:12.970 정보 [main] org.apache.catalina.core.AprLifecycleListener.initializeSSL OpenSSL이 성공적으로 초기화되었습니다: [OpenSSL 1.1.1c  28 May 2019]
19-Mar-2020 10:10:13.141 정보 [main] org.apache.coyote.AbstractProtocol.init 프로토콜 핸들러 ["http-nio-80"]을(를) 초기화합니다.
19-Mar-2020 10:10:13.215 심각 [main] org.apache.catalina.util.LifecycleBase.handleSubClassException 구성요소 [Connector[HTTP/1.1-80]]을(를) 초기화하지 못했습니다.
	org.apache.catalina.LifecycleException: 프로토콜 핸들러 초기화가 실패했습니다.
		at org.apache.catalina.connector.Connector.initInternal(Connector.java:1013)
		at org.apache.catalina.util.LifecycleBase.init(LifecycleBase.java:136)
		at org.apache.catalina.core.StandardService.initInternal(StandardService.java:533)
		at org.apache.catalina.util.LifecycleBase.init(LifecycleBase.java:136)
		at org.apache.catalina.core.StandardServer.initInternal(StandardServer.java:1057)
		at org.apache.catalina.util.LifecycleBase.init(LifecycleBase.java:136)
		at org.apache.catalina.startup.Catalina.load(Catalina.java:584)
		at org.apache.catalina.startup.Catalina.load(Catalina.java:607)
		at sun.reflect.NativeMethodAccessorImpl.invoke0(Native Method)
		at sun.reflect.NativeMethodAccessorImpl.invoke(Unknown Source)
		at sun.reflect.DelegatingMethodAccessorImpl.invoke(Unknown Source)
		at java.lang.reflect.Method.invoke(Unknown Source)
		at org.apache.catalina.startup.Bootstrap.load(Bootstrap.java:303)
		at org.apache.catalina.startup.Bootstrap.main(Bootstrap.java:473)
	Caused by: java.net.BindException: Address already in use: bind
		at sun.nio.ch.Net.bind0(Native Method)
		at sun.nio.ch.Net.bind(Unknown Source)
		at sun.nio.ch.Net.bind(Unknown Source)
		at sun.nio.ch.ServerSocketChannelImpl.bind(Unknown Source)
		at sun.nio.ch.ServerSocketAdaptor.bind(Unknown Source)
		at org.apache.tomcat.util.net.NioEndpoint.initServerSocket(NioEndpoint.java:229)
		at org.apache.tomcat.util.net.NioEndpoint.bind(NioEndpoint.java:212)
		at org.apache.tomcat.util.net.AbstractEndpoint.bindWithCleanup(AbstractEndpoint.java:1141)
		at org.apache.tomcat.util.net.AbstractEndpoint.init(AbstractEndpoint.java:1154)
		at org.apache.coyote.AbstractProtocol.init(AbstractProtocol.java:581)
		at org.apache.coyote.http11.AbstractHttp11Protocol.init(AbstractHttp11Protocol.java:74)
		at org.apache.catalina.connector.Connector.initInternal(Connector.java:1010)
		... 13 more
19-Mar-2020 10:10:13.220 정보 [main] org.apache.catalina.startup.Catalina.load [395] 밀리초 내에 서버가 초기화되었습니다.
19-Mar-2020 10:10:13.239 정보 [main] org.apache.catalina.core.StandardService.startInternal 서비스 [Catalina]을(를) 시작합니다.
19-Mar-2020 10:10:13.241 정보 [main] org.apache.catalina.core.StandardEngine.startInternal 서버 엔진을 시작합니다: [Apache Tomcat/9.0.33]
19-Mar-2020 10:10:13.252 정보 [main] org.apache.catalina.startup.HostConfig.deployWAR 웹 애플리케이션 아카이브 [C:\java\apache-tomcat-9.0.33-windows-x64\apache-tomcat-9.0.33\webapps\TestProject.war]을(를) 배치합니다.
19-Mar-2020 10:10:13.449 정보 [main] org.apache.catalina.startup.HostConfig.deployWAR 웹 애플리케이션 아카이브 [C:\java\apache-tomcat-9.0.33-windows-x64\apache-tomcat-9.0.33\webapps\TestProject.war]의 배치가 [197] 밀리초에 완료되었습니다.
19-Mar-2020 10:10:13.451 정보 [main] org.apache.catalina.startup.HostConfig.deployDirectory 웹 애플리케이션 디렉토리 [C:\java\apache-tomcat-9.0.33-windows-x64\apache-tomcat-9.0.33\webapps\docs]을(를) 배치합니다.
19-Mar-2020 10:10:13.484 정보 [main] org.apache.catalina.startup.HostConfig.deployDirectory 웹 애플리케이션 디렉토리 [C:\java\apache-tomcat-9.0.33-windows-x64\apache-tomcat-9.0.33\webapps\docs]에 대한 배치가 [33] 밀리초에 완료되었습니다.
19-Mar-2020 10:10:13.485 정보 [main] org.apache.catalina.startup.HostConfig.deployDirectory 웹 애플리케이션 디렉토리 [C:\java\apache-tomcat-9.0.33-windows-x64\apache-tomcat-9.0.33\webapps\examples]을(를) 배치합니다.
19-Mar-2020 10:10:14.621 정보 [main] org.apache.catalina.startup.HostConfig.deployDirectory 웹 애플리케이션 디렉토리 [C:\java\apache-tomcat-9.0.33-windows-x64\apache-tomcat-9.0.33\webapps\examples]에 대한 배치가 [1,136] 밀리초에 완료되었습니다.
19-Mar-2020 10:10:14.623 정보 [main] org.apache.catalina.startup.HostConfig.deployDirectory 웹 애플리케이션 디렉토리 [C:\java\apache-tomcat-9.0.33-windows-x64\apache-tomcat-9.0.33\webapps\host-manager]을(를) 배치합니다.
19-Mar-2020 10:10:14.652 정보 [main] org.apache.catalina.startup.HostConfig.deployDirectory 웹 애플리케이션 디렉토리 [C:\java\apache-tomcat-9.0.33-windows-x64\apache-tomcat-9.0.33\webapps\host-manager]에 대한 배치가 [28] 밀리초에 완료되었습니다.
19-Mar-2020 10:10:14.654 정보 [main] org.apache.catalina.startup.HostConfig.deployDirectory 웹 애플리케이션 디렉토리 [C:\java\apache-tomcat-9.0.33-windows-x64\apache-tomcat-9.0.33\webapps\manager]을(를) 배치합니다.
19-Mar-2020 10:10:14.717 정보 [main] org.apache.catalina.startup.HostConfig.deployDirectory 웹 애플리케이션 디렉토리 [C:\java\apache-tomcat-9.0.33-windows-x64\apache-tomcat-9.0.33\webapps\manager]에 대한 배치가 [62] 밀리초에 완료되었습니다.
19-Mar-2020 10:10:14.719 정보 [main] org.apache.catalina.startup.HostConfig.deployDirectory 웹 애플리케이션 디렉토리 [C:\java\apache-tomcat-9.0.33-windows-x64\apache-tomcat-9.0.33\webapps\ROOT]을(를) 배치합니다.
19-Mar-2020 10:10:14.755 정보 [main] org.apache.catalina.startup.HostConfig.deployDirectory 웹 애플리케이션 디렉토리 [C:\java\apache-tomcat-9.0.33-windows-x64\apache-tomcat-9.0.33\webapps\ROOT]에 대한 배치가 [36] 밀리초에 완료되었습니다.
19-Mar-2020 10:10:14.758 정보 [main] org.apache.catalina.startup.HostConfig.deployDirectory 웹 애플리케이션 디렉토리 [C:\java\apache-tomcat-9.0.33-windows-x64\apache-tomcat-9.0.33\webapps\test]을(를) 배치합니다.
19-Mar-2020 10:10:14.772 정보 [main] org.apache.catalina.startup.HostConfig.deployDirectory 웹 애플리케이션 디렉토리 [C:\java\apache-tomcat-9.0.33-windows-x64\apache-tomcat-9.0.33\webapps\test]에 대한 배치가 [14] 밀리초에 완료되었습니다.
19-Mar-2020 10:10:14.775 정보 [main] org.apache.catalina.startup.Catalina.start 서버가 [1,554] 밀리초 내에 시작되었습니다.
19-Mar-2020 10:10:14.778 심각 [main] org.apache.catalina.core.StandardServer.await 주소 [localhost]와(과) 포트 [8005]에, 서버 셧다운 소켓을 생성하지 못했습니다. (base 포트 [8005], offset [0])
	java.net.BindException: Address already in use: JVM_Bind
		at java.net.DualStackPlainSocketImpl.bind0(Native Method)
		at java.net.DualStackPlainSocketImpl.socketBind(Unknown Source)
		at java.net.AbstractPlainSocketImpl.bind(Unknown Source)
		at java.net.PlainSocketImpl.bind(Unknown Source)
		at java.net.ServerSocket.bind(Unknown Source)
		at java.net.ServerSocket.<init>(Unknown Source)
		at org.apache.catalina.core.StandardServer.await(StandardServer.java:584)
		at org.apache.catalina.startup.Catalina.await(Catalina.java:721)
		at org.apache.catalina.startup.Catalina.start(Catalina.java:667)
		at sun.reflect.NativeMethodAccessorImpl.invoke0(Native Method)
		at sun.reflect.NativeMethodAccessorImpl.invoke(Unknown Source)
		at sun.reflect.DelegatingMethodAccessorImpl.invoke(Unknown Source)
		at java.lang.reflect.Method.invoke(Unknown Source)
		at org.apache.catalina.startup.Bootstrap.start(Bootstrap.java:343)
		at org.apache.catalina.startup.Bootstrap.main(Bootstrap.java:474)
19-Mar-2020 10:10:14.779 정보 [main] org.apache.coyote.AbstractProtocol.pause 프로토콜 핸들러 ["http-nio-80"]을(를) 일시 정지 중
19-Mar-2020 10:10:14.781 정보 [main] org.apache.catalina.core.StandardService.stopInternal 서비스 [Catalina]을(를) 중지시킵니다.
19-Mar-2020 10:10:14.792 정보 [main] org.apache.coyote.AbstractProtocol.stop 프로토콜 핸들러 ["http-nio-80"]을(를) 중지시킵니다.
19-Mar-2020 10:10:14.793 정보 [main] org.apache.coyote.AbstractProtocol.destroy 프로토콜 핸들러 ["http-nio-80"]을(를) 소멸시킵니다.
